z:\brigade7\pt3\debug\tree.obj
z:\brigade7\pt3\debug\source.obj
z:\brigade7\pt3\debug\list.obj
z:\brigade7\pt3\debug\stack.obj
z:\brigade7\pt3\debug\vc142.idb
z:\brigade7\pt3\debug\pt3.pdb
z:\brigade7\pt3\debug\vc142.pdb
z:\brigade7\pt3\debug\pt3.tlog\cl.command.1.tlog
z:\brigade7\pt3\debug\pt3.tlog\cl.read.1.tlog
z:\brigade7\pt3\debug\pt3.tlog\cl.write.1.tlog
z:\brigade7\pt3\debug\pt3.tlog\link-cvtres.read.1.tlog
z:\brigade7\pt3\debug\pt3.tlog\link-cvtres.write.1.tlog
z:\brigade7\pt3\debug\pt3.tlog\link-rc.read.1.tlog
z:\brigade7\pt3\debug\pt3.tlog\link-rc.write.1.tlog
z:\brigade7\pt3\debug\pt3.tlog\link.15404-cvtres.read.1.tlog
z:\brigade7\pt3\debug\pt3.tlog\link.15404-cvtres.write.1.tlog
z:\brigade7\pt3\debug\pt3.tlog\link.15404-rc.read.1.tlog
z:\brigade7\pt3\debug\pt3.tlog\link.15404-rc.write.1.tlog
z:\brigade7\pt3\debug\pt3.tlog\link.15404.read.1.tlog
z:\brigade7\pt3\debug\pt3.tlog\link.15404.write.1.tlog
z:\brigade7\pt3\debug\pt3.tlog\link.command.1.tlog
z:\brigade7\pt3\debug\pt3.tlog\link.read.1.tlog
z:\brigade7\pt3\debug\pt3.tlog\link.write.1.tlog
